{
  "stats": {
    "suites": 1,
    "tests": 2,
    "passes": 2,
    "pending": 0,
    "failures": 0,
    "start": "2025-03-14T07:11:10.688Z",
    "end": "2025-03-14T07:11:12.945Z",
    "duration": 2257,
    "testsRegistered": 2,
    "passPercent": 100,
    "pendingPercent": 0,
    "other": 0,
    "hasOther": false,
    "skipped": 0,
    "hasSkipped": false
  },
  "results": [
    {
      "uuid": "4e30ff08-9336-4f38-8bad-203a725e203c",
      "title": "",
      "fullFile": "cypress/e2e/API AUTOMATION/login_api.cy.js",
      "file": "cypress/e2e/API AUTOMATION/login_api.cy.js",
      "beforeHooks": [],
      "afterHooks": [],
      "tests": [],
      "suites": [
        {
          "uuid": "4e6c05d7-5c92-4bee-abd4-ce3c8833b5c2",
          "title": "Login and API Access",
          "fullFile": "",
          "file": "",
          "beforeHooks": [],
          "afterHooks": [],
          "tests": [
            {
              "title": "Successfully logs in and extracts token",
              "fullTitle": "Login and API Access Successfully logs in and extracts token",
              "timedOut": null,
              "duration": 1355,
              "state": "passed",
              "speed": "fast",
              "pass": true,
              "fail": false,
              "pending": false,
              "context": null,
              "code": "cy.get('@accessToken').then(token => {\n  expect(token).to.be.a('string');\n  cy.log('Token successfully stored:', token);\n});",
              "err": {},
              "uuid": "8a889dc1-a629-413b-91eb-121656f0cf37",
              "parentUUID": "4e6c05d7-5c92-4bee-abd4-ce3c8833b5c2",
              "isHook": false,
              "skipped": false
            },
            {
              "title": "Should fail to create a user when lacking permission",
              "fullTitle": "Login and API Access Should fail to create a user when lacking permission",
              "timedOut": null,
              "duration": 826,
              "state": "passed",
              "speed": "fast",
              "pass": true,
              "fail": false,
              "pending": false,
              "context": null,
              "code": "cy.get('@accessToken').then(token => {\n  cy.api({\n    method: 'GET',\n    url: 'https://demo.bookstackapp.com/api/users',\n    failOnStatusCode: false,\n    headers: {\n      Authorization: `Bearer ${token}`\n    },\n    body: {}\n  }).then(response => {\n    expect(response.status).to.eq(403);\n    expect(response.body.error).to.have.property('message', 'The owner of the used API token does not have permission to make API calls');\n  });\n});",
              "err": {},
              "uuid": "9eb005cb-3259-4ede-8e49-aa91be4f7f5a",
              "parentUUID": "4e6c05d7-5c92-4bee-abd4-ce3c8833b5c2",
              "isHook": false,
              "skipped": false
            }
          ],
          "suites": [],
          "passes": [
            "8a889dc1-a629-413b-91eb-121656f0cf37",
            "9eb005cb-3259-4ede-8e49-aa91be4f7f5a"
          ],
          "failures": [],
          "pending": [],
          "skipped": [],
          "duration": 2181,
          "root": false,
          "rootEmpty": false,
          "_timeout": 2000
        }
      ],
      "passes": [],
      "failures": [],
      "pending": [],
      "skipped": [],
      "duration": 0,
      "root": true,
      "rootEmpty": true,
      "_timeout": 2000
    }
  ],
  "meta": {
    "mocha": {
      "version": "7.0.1"
    },
    "mochawesome": {
      "options": {
        "quiet": false,
        "reportFilename": "mochawesome",
        "saveHtml": false,
        "saveJson": true,
        "consoleReporter": "spec",
        "useInlineDiffs": false,
        "code": true
      },
      "version": "7.1.3"
    },
    "marge": {
      "options": {
        "charts": true,
        "reportPageTitle": "Cypress Inline Reporter",
        "embeddedScreenshots": true,
        "inlineAssets": true,
        "overwrite": false,
        "html": false,
        "json": true,
        "reportDir": "cypress/reports/html/.jsons"
      },
      "version": "6.2.0"
    }
  }
}